{
  "RSpec": {
    "coverage": {
      "/home/flexsin/rails_workspace/shastic_challenge/app/models/page_view.rb": {
        "lines": [
          1,
          1,
          null,
          8,
          1,
          1,
          1,
          null,
          1,
          null,
          1,
          2,
          2,
          2,
          null,
          null
        ]
      },
      "/home/flexsin/rails_workspace/shastic_challenge/app/models/application_record.rb": {
        "lines": [
          1,
          1,
          null
        ]
      },
      "/home/flexsin/rails_workspace/shastic_challenge/spec/models/visit_spec.rb": {
        "lines": [
          1,
          null,
          1,
          4,
          1,
          1,
          1,
          1,
          1,
          null,
          1,
          1,
          1,
          1,
          null,
          null,
          null,
          1,
          1,
          1,
          1,
          1,
          null,
          null,
          null,
          1,
          1,
          1,
          1,
          null,
          null,
          null,
          null
        ]
      },
      "/home/flexsin/rails_workspace/shastic_challenge/app/models/visit.rb": {
        "lines": [
          null,
          1,
          1,
          1,
          1,
          1,
          1,
          1,
          1,
          null,
          1,
          null,
          1,
          4,
          4,
          null,
          null
        ]
      }
    },
    "timestamp": 1581426310
  }
}
